# JRE version: OpenJDK Runtime Environment AdoptOpenJDK (11.0.10+9) (build 11.0.10+9)
# Java VM: OpenJDK 64-Bit Server VM AdoptOpenJDK (11.0.10+9, mixed mode, tiered, compressed oops, g1 gc, windows-amd64)
Heap:
 garbage-first heap   total 116736K, used 44954K [0x00000000c1800000, 0x0000000100000000)
  region size 1024K, 7 young (7168K), 5 survivors (5120K)
 Metaspace       used 57868K, capacity 60427K, committed 60588K, reserved 1101824K
  class space    used 7774K, capacity 8847K, committed 8960K, reserved 1048576K
GC Heap History (20 events):
Event: 5.394 GC heap before
{Heap before GC invocations=12 (full 0):
 garbage-first heap   total 95232K, used 63762K [0x00000000c1800000, 0x0000000100000000)
  region size 1024K, 37 young (37888K), 5 survivors (5120K)
 Metaspace       used 53621K, capacity 56128K, committed 56192K, reserved 1097728K
  class space    used 7198K, capacity 8288K, committed 8320K, reserved 1048576K
}
Event: 5.404 GC heap after
{Heap after GC invocations=13 (full 0):
 garbage-first heap   total 95232K, used 34093K [0x00000000c1800000, 0x0000000100000000)
  region size 1024K, 2 young (2048K), 2 survivors (2048K)
 Metaspace       used 53621K, capacity 56128K, committed 56192K, reserved 1097728K
  class space    used 7198K, capacity 8288K, committed 8320K, reserved 1048576K
}
Event: 5.480 GC heap before
{Heap before GC invocations=13 (full 0):
 garbage-first heap   total 95232K, used 66861K [0x00000000c1800000, 0x0000000100000000)
  region size 1024K, 34 young (34816K), 2 survivors (2048K)
 Metaspace       used 53681K, capacity 56195K, committed 56448K, reserved 1097728K
  class space    used 7202K, capacity 8289K, committed 8320K, reserved 1048576K
}
Event: 5.483 GC heap after
{Heap after GC invocations=14 (full 0):
 garbage-first heap   total 95232K, used 34588K [0x00000000c1800000, 0x0000000100000000)
  region size 1024K, 3 young (3072K), 3 survivors (3072K)
 Metaspace       used 53681K, capacity 56195K, committed 56448K, reserved 1097728K
  class space    used 7202K, capacity 8289K, committed 8320K, reserved 1048576K
}
Event: 5.633 GC heap before
{Heap before GC invocations=14 (full 0):
 garbage-first heap   total 95232K, used 68380K [0x00000000c1800000, 0x0000000100000000)
  region size 1024K, 37 young (37888K), 3 survivors (3072K)
 Metaspace       used 55035K, capacity 57612K, committed 57728K, reserved 1097728K
  class space    used 7376K, capacity 8463K, committed 8576K, reserved 1048576K
}
Event: 5.636 GC heap after
{Heap after GC invocations=15 (full 0):
 garbage-first heap   total 95232K, used 35863K [0x00000000c1800000, 0x0000000100000000)
  region size 1024K, 4 young (4096K), 4 survivors (4096K)
 Metaspace       used 55035K, capacity 57612K, committed 57728K, reserved 1097728K
  class space    used 7376K, capacity 8463K, committed 8576K, reserved 1048576K
}
Event: 5.718 GC heap before
{Heap before GC invocations=15 (full 0):
 garbage-first heap   total 95232K, used 70679K [0x00000000c1800000, 0x0000000100000000)
  region size 1024K, 38 young (38912K), 4 survivors (4096K)
 Metaspace       used 55165K, capacity 57709K, committed 57984K, reserved 1099776K
  class space    used 7405K, capacity 8495K, committed 8576K, reserved 1048576K
}
Event: 5.722 GC heap after
{Heap after GC invocations=16 (full 0):
 garbage-first heap   total 95232K, used 36733K [0x00000000c1800000, 0x0000000100000000)
  region size 1024K, 4 young (4096K), 4 survivors (4096K)
 Metaspace       used 55165K, capacity 57709K, committed 57984K, reserved 1099776K
  class space    used 7405K, capacity 8495K, committed 8576K, reserved 1048576K
}
Event: 5.797 GC heap before
{Heap before GC invocations=16 (full 0):
 garbage-first heap   total 95232K, used 71549K [0x00000000c1800000, 0x0000000100000000)
  region size 1024K, 38 young (38912K), 4 survivors (4096K)
 Metaspace       used 55199K, capacity 57709K, committed 57984K, reserved 1099776K
  class space    used 7411K, capacity 8495K, committed 8576K, reserved 1048576K
}
Event: 5.800 GC heap after
{Heap after GC invocations=17 (full 0):
 garbage-first heap   total 95232K, used 37828K [0x00000000c1800000, 0x0000000100000000)
  region size 1024K, 4 young (4096K), 4 survivors (4096K)
 Metaspace       used 55199K, capacity 57709K, committed 57984K, reserved 1099776K
  class space    used 7411K, capacity 8495K, committed 8576K, reserved 1048576K
}
Event: 5.857 GC heap before
{Heap before GC invocations=17 (full 0):
 garbage-first heap   total 95232K, used 73668K [0x00000000c1800000, 0x0000000100000000)
  region size 1024K, 39 young (39936K), 4 survivors (4096K)
 Metaspace       used 55199K, capacity 57709K, committed 57984K, reserved 1099776K
  class space    used 7411K, capacity 8495K, committed 8576K, reserved 1048576K
}
Event: 5.861 GC heap after
{Heap after GC invocations=18 (full 0):
 garbage-first heap   total 95232K, used 39116K [0x00000000c1800000, 0x0000000100000000)
  region size 1024K, 4 young (4096K), 4 survivors (4096K)
 Metaspace       used 55199K, capacity 57709K, committed 57984K, reserved 1099776K
  class space    used 7411K, capacity 8495K, committed 8576K, reserved 1048576K
}
Event: 5.908 GC heap before
{Heap before GC invocations=18 (full 0):
 garbage-first heap   total 95232K, used 74956K [0x00000000c1800000, 0x0000000100000000)
  region size 1024K, 39 young (39936K), 4 survivors (4096K)
 Metaspace       used 55202K, capacity 57709K, committed 57984K, reserved 1099776K
  class space    used 7411K, capacity 8495K, committed 8576K, reserved 1048576K
}
Event: 5.912 GC heap after
{Heap after GC invocations=19 (full 0):
 garbage-first heap   total 95232K, used 40211K [0x00000000c1800000, 0x0000000100000000)
  region size 1024K, 4 young (4096K), 4 survivors (4096K)
 Metaspace       used 55202K, capacity 57709K, committed 57984K, reserved 1099776K
  class space    used 7411K, capacity 8495K, committed 8576K, reserved 1048576K
}
Event: 5.958 GC heap before
{Heap before GC invocations=19 (full 0):
 garbage-first heap   total 95232K, used 75027K [0x00000000c1800000, 0x0000000100000000)
  region size 1024K, 39 young (39936K), 4 survivors (4096K)
 Metaspace       used 55202K, capacity 57709K, committed 57984K, reserved 1099776K
  class space    used 7411K, capacity 8495K, committed 8576K, reserved 1048576K
}
Event: 5.961 GC heap after
{Heap after GC invocations=20 (full 0):
 garbage-first heap   total 95232K, used 41377K [0x00000000c1800000, 0x0000000100000000)
  region size 1024K, 4 young (4096K), 4 survivors (4096K)
 Metaspace       used 55202K, capacity 57709K, committed 57984K, reserved 1099776K
  class space    used 7411K, capacity 8495K, committed 8576K, reserved 1048576K
}
Event: 6.067 GC heap before
{Heap before GC invocations=20 (full 0):
 garbage-first heap   total 95232K, used 77217K [0x00000000c1800000, 0x0000000100000000)
  region size 1024K, 39 young (39936K), 4 survivors (4096K)
 Metaspace       used 55737K, capacity 58257K, committed 58496K, reserved 1099776K
  class space    used 7484K, capacity 8572K, committed 8576K, reserved 1048576K
}
Event: 6.071 GC heap after
{Heap after GC invocations=21 (full 0):
 garbage-first heap   total 95232K, used 42484K [0x00000000c1800000, 0x0000000100000000)
  region size 1024K, 4 young (4096K), 4 survivors (4096K)
 Metaspace       used 55737K, capacity 58257K, committed 58496K, reserved 1099776K
  class space    used 7484K, capacity 8572K, committed 8576K, reserved 1048576K
}
Event: 6.203 GC heap before
{Heap before GC invocations=21 (full 0):
 garbage-first heap   total 95232K, used 49652K [0x00000000c1800000, 0x0000000100000000)
  region size 1024K, 13 young (13312K), 4 survivors (4096K)
 Metaspace       used 57286K, capacity 59829K, committed 59948K, reserved 1099776K
  class space    used 7715K, capacity 8775K, committed 8832K, reserved 1048576K
}
Event: 6.211 GC heap after
{Heap after GC invocations=22 (full 0):
 garbage-first heap   total 116736K, used 43930K [0x00000000c1800000, 0x0000000100000000)
  region size 1024K, 5 young (5120K), 5 survivors (5120K)
 Metaspace       used 57286K, capacity 59829K, committed 59948K, reserved 1099776K
  class space    used 7715K, capacity 8775K, committed 8832K, reserved 1048576K
}

