# JRE version: OpenJDK Runtime Environment AdoptOpenJDK (11.0.10+9) (build 11.0.10+9)
# Java VM: OpenJDK 64-Bit Server VM AdoptOpenJDK (11.0.10+9, mixed mode, tiered, compressed oops, g1 gc, windows-amd64)
Heap:
 garbage-first heap   total 310272K, used 70108K [0x00000000c1800000, 0x0000000100000000)
  region size 1024K, 7 young (7168K), 3 survivors (3072K)
 Metaspace       used 65812K, capacity 68739K, committed 69040K, reserved 1107968K
  class space    used 8684K, capacity 9905K, committed 9984K, reserved 1048576K
GC Heap History (20 events):
Event: 7.044 GC heap before
{Heap before GC invocations=25 (full 0):
 garbage-first heap   total 205824K, used 140288K [0x00000000c1800000, 0x0000000100000000)
  region size 1024K, 82 young (83968K), 4 survivors (4096K)
 Metaspace       used 56560K, capacity 59120K, committed 59312K, reserved 1099776K
  class space    used 7587K, capacity 8665K, committed 8704K, reserved 1048576K
}
Event: 7.052 GC heap after
{Heap after GC invocations=26 (full 0):
 garbage-first heap   total 205824K, used 62464K [0x00000000c1800000, 0x0000000100000000)
  region size 1024K, 6 young (6144K), 6 survivors (6144K)
 Metaspace       used 56560K, capacity 59120K, committed 59312K, reserved 1099776K
  class space    used 7587K, capacity 8665K, committed 8704K, reserved 1048576K
}
Event: 7.056 GC heap before
{Heap before GC invocations=26 (full 0):
 garbage-first heap   total 205824K, used 65536K [0x00000000c1800000, 0x0000000100000000)
  region size 1024K, 10 young (10240K), 6 survivors (6144K)
 Metaspace       used 56560K, capacity 59120K, committed 59312K, reserved 1099776K
  class space    used 7587K, capacity 8665K, committed 8704K, reserved 1048576K
}
Event: 7.061 GC heap after
{Heap after GC invocations=27 (full 0):
 garbage-first heap   total 205824K, used 58011K [0x00000000c1800000, 0x0000000100000000)
  region size 1024K, 1 young (1024K), 1 survivors (1024K)
 Metaspace       used 56560K, capacity 59120K, committed 59312K, reserved 1099776K
  class space    used 7587K, capacity 8665K, committed 8704K, reserved 1048576K
}
Event: 7.116 GC heap before
{Heap before GC invocations=27 (full 0):
 garbage-first heap   total 205824K, used 144027K [0x00000000c1800000, 0x0000000100000000)
  region size 1024K, 85 young (87040K), 1 survivors (1024K)
 Metaspace       used 56560K, capacity 59120K, committed 59312K, reserved 1099776K
  class space    used 7587K, capacity 8665K, committed 8704K, reserved 1048576K
}
Event: 7.120 GC heap after
{Heap after GC invocations=28 (full 0):
 garbage-first heap   total 205824K, used 59606K [0x00000000c1800000, 0x0000000100000000)
  region size 1024K, 3 young (3072K), 3 survivors (3072K)
 Metaspace       used 56560K, capacity 59120K, committed 59312K, reserved 1099776K
  class space    used 7587K, capacity 8665K, committed 8704K, reserved 1048576K
}
Event: 7.178 GC heap before
{Heap before GC invocations=28 (full 0):
 garbage-first heap   total 205824K, used 155862K [0x00000000c1800000, 0x0000000100000000)
  region size 1024K, 97 young (99328K), 3 survivors (3072K)
 Metaspace       used 56560K, capacity 59120K, committed 59312K, reserved 1099776K
  class space    used 7587K, capacity 8665K, committed 8704K, reserved 1048576K
}
Event: 7.182 GC heap after
{Heap after GC invocations=29 (full 0):
 garbage-first heap   total 205824K, used 62761K [0x00000000c1800000, 0x0000000100000000)
  region size 1024K, 6 young (6144K), 6 survivors (6144K)
 Metaspace       used 56560K, capacity 59120K, committed 59312K, reserved 1099776K
  class space    used 7587K, capacity 8665K, committed 8704K, reserved 1048576K
}
Event: 7.332 GC heap before
{Heap before GC invocations=29 (full 0):
 garbage-first heap   total 205824K, used 160041K [0x00000000c1800000, 0x0000000100000000)
  region size 1024K, 101 young (103424K), 6 survivors (6144K)
 Metaspace       used 56761K, capacity 59344K, committed 59568K, reserved 1099776K
  class space    used 7616K, capacity 8697K, committed 8704K, reserved 1048576K
}
Event: 7.340 GC heap after
{Heap after GC invocations=30 (full 0):
 garbage-first heap   total 205824K, used 66133K [0x00000000c1800000, 0x0000000100000000)
  region size 1024K, 9 young (9216K), 9 survivors (9216K)
 Metaspace       used 56761K, capacity 59344K, committed 59568K, reserved 1099776K
  class space    used 7616K, capacity 8697K, committed 8704K, reserved 1048576K
}
Event: 7.682 GC heap before
{Heap before GC invocations=30 (full 0):
 garbage-first heap   total 205824K, used 162389K [0x00000000c1800000, 0x0000000100000000)
  region size 1024K, 104 young (106496K), 9 survivors (9216K)
 Metaspace       used 59015K, capacity 61603K, committed 61744K, reserved 1101824K
  class space    used 7902K, capacity 9003K, committed 9088K, reserved 1048576K
}
Event: 7.697 GC heap after
{Heap after GC invocations=31 (full 0):
 garbage-first heap   total 271360K, used 67738K [0x00000000c1800000, 0x0000000100000000)
  region size 1024K, 10 young (10240K), 10 survivors (10240K)
 Metaspace       used 59015K, capacity 61603K, committed 61744K, reserved 1101824K
  class space    used 7902K, capacity 9003K, committed 9088K, reserved 1048576K
}
Event: 7.975 GC heap before
{Heap before GC invocations=31 (full 0):
 garbage-first heap   total 271360K, used 149658K [0x00000000c1800000, 0x0000000100000000)
  region size 1024K, 32 young (32768K), 10 survivors (10240K)
 Metaspace       used 60848K, capacity 63491K, committed 63792K, reserved 1103872K
  class space    used 8135K, capacity 9272K, committed 9344K, reserved 1048576K
}
Event: 7.986 GC heap after
{Heap after GC invocations=32 (full 0):
 garbage-first heap   total 271360K, used 67654K [0x00000000c1800000, 0x0000000100000000)
  region size 1024K, 3 young (3072K), 3 survivors (3072K)
 Metaspace       used 60848K, capacity 63491K, committed 63792K, reserved 1103872K
  class space    used 8135K, capacity 9272K, committed 9344K, reserved 1048576K
}
Event: 8.866 GC heap before
{Heap before GC invocations=33 (full 0):
 garbage-first heap   total 302080K, used 301056K [0x00000000c1800000, 0x0000000100000000)
  region size 1024K, 54 young (55296K), 3 survivors (3072K)
 Metaspace       used 64107K, capacity 66984K, committed 67120K, reserved 1105920K
  class space    used 8542K, capacity 9752K, committed 9856K, reserved 1048576K
}
Event: 8.879 GC heap after
{Heap after GC invocations=34 (full 0):
 garbage-first heap   total 310272K, used 70045K [0x00000000c1800000, 0x0000000100000000)
  region size 1024K, 8 young (8192K), 8 survivors (8192K)
 Metaspace       used 64107K, capacity 66984K, committed 67120K, reserved 1105920K
  class space    used 8542K, capacity 9752K, committed 9856K, reserved 1048576K
}
Event: 9.067 GC heap before
{Heap before GC invocations=34 (full 0):
 garbage-first heap   total 310272K, used 79261K [0x00000000c1800000, 0x0000000100000000)
  region size 1024K, 15 young (15360K), 8 survivors (8192K)
 Metaspace       used 64418K, capacity 67229K, committed 67376K, reserved 1107968K
  class space    used 8573K, capacity 9768K, committed 9856K, reserved 1048576K
}
Event: 9.074 GC heap after
{Heap after GC invocations=35 (full 0):
 garbage-first heap   total 310272K, used 58120K [0x00000000c1800000, 0x0000000100000000)
  region size 1024K, 2 young (2048K), 2 survivors (2048K)
 Metaspace       used 64418K, capacity 67229K, committed 67376K, reserved 1107968K
  class space    used 8573K, capacity 9768K, committed 9856K, reserved 1048576K
}
Event: 9.459 GC heap before
{Heap before GC invocations=35 (full 0):
 garbage-first heap   total 310272K, used 158472K [0x00000000c1800000, 0x0000000100000000)
  region size 1024K, 24 young (24576K), 2 survivors (2048K)
 Metaspace       used 65626K, capacity 68524K, committed 68784K, reserved 1107968K
  class space    used 8673K, capacity 9896K, committed 9984K, reserved 1048576K
}
Event: 9.465 GC heap after
{Heap after GC invocations=36 (full 0):
 garbage-first heap   total 310272K, used 58844K [0x00000000c1800000, 0x0000000100000000)
  region size 1024K, 3 young (3072K), 3 survivors (3072K)
 Metaspace       used 65626K, capacity 68524K, committed 68784K, reserved 1107968K
  class space    used 8673K, capacity 9896K, committed 9984K, reserved 1048576K
}

